{
  "0 debug pnpm:scope": {
    "selected": 1
  },
  "1 error pnpm": {
    "errno": 1,
    "code": "ELIFECYCLE",
    "pkgid": "boilerplate-project-stockchecker@0.0.1",
    "stage": "start",
    "script": "node server.js",
    "pkgname": "boilerplate-project-stockchecker",
    "err": {
      "name": "pnpm",
      "message": "boilerplate-project-stockchecker@0.0.1 start: `node server.js`\nExit status 1",
      "code": "ELIFECYCLE",
      "stack": "pnpm: boilerplate-project-stockchecker@0.0.1 start: `node server.js`\nExit status 1\n    at EventEmitter.<anonymous> (/home/bas/.nvm/versions/node/v16.3.0/pnpm-global/5/node_modules/.pnpm/pnpm@6.30.0/node_modules/pnpm/dist/pnpm.cjs:105659:20)\n    at EventEmitter.emit (node:events:394:28)\n    at ChildProcess.<anonymous> (/home/bas/.nvm/versions/node/v16.3.0/pnpm-global/5/node_modules/.pnpm/pnpm@6.30.0/node_modules/pnpm/dist/pnpm.cjs:92207:18)\n    at ChildProcess.emit (node:events:394:28)\n    at maybeClose (node:internal/child_process:1067:16)\n    at Process.ChildProcess._handle.onexit (node:internal/child_process:301:5)"
    }
  },
  "2 warn pnpm:global": " Local package.json exists, but node_modules missing, did you mean to install?"
}